[debug] [2020-12-10T16:40:56.691Z] ----------------------------------------------------------------------
[debug] [2020-12-10T16:40:56.694Z] Command:       C:\Program Files\nodejs\node.exe C:\Users\Jeevan Reddy\AppData\Roaming\npm\node_modules\firebase-tools\lib\bin\firebase.js emulators:start
[debug] [2020-12-10T16:40:56.695Z] CLI Version:   8.17.0
[debug] [2020-12-10T16:40:56.695Z] Platform:      win32
[debug] [2020-12-10T16:40:56.695Z] Node Version:  v14.15.1
[debug] [2020-12-10T16:40:56.697Z] Time:          Thu Dec 10 2020 22:10:56 GMT+0530 (India Standard Time)
[debug] [2020-12-10T16:40:56.697Z] ----------------------------------------------------------------------
[debug] [2020-12-10T16:40:56.697Z] 
[debug] [2020-12-10T16:40:56.713Z] > command requires scopes: ["email","openid","https://www.googleapis.com/auth/cloudplatformprojects.readonly","https://www.googleapis.com/auth/firebase","https://www.googleapis.com/auth/cloud-platform"]
[debug] [2020-12-10T16:40:56.713Z] > authorizing via signed-in user
[info] i  emulators: Starting emulators: functions, hosting {"metadata":{"emulator":{"name":"hub"},"message":"Starting emulators: functions, hosting"}}
[debug] [2020-12-10T16:40:56.784Z] [hub] writing locator at C:\Users\Jeevan Reddy\AppData\Local\Temp\hub-fir-b537c.json
[warn] !  functions: The following emulators are not running, calls to these services from the Functions emulator will affect production: auth, firestore, database, pubsub {"metadata":{"emulator":{"name":"functions"},"message":"The following emulators are not running, calls to these services from the Functions emulator will affect production: \u001b[1mauth, firestore, database, pubsub\u001b[22m"}}
[warn] !  Your requested "node" version "12" doesn't match your global version "14" {"metadata":{"emulator":{"name":"functions"},"message":"Your requested \"node\" version \"12\" doesn't match your global version \"14\""}}
[warn] !  functions: Your GOOGLE_APPLICATION_CREDENTIALS environment variable points to C:\Users\Jeevan Reddy\Downloads\todoapp.json. Non-emulated services will access production using these credentials. Be careful! {"metadata":{"emulator":{"name":"functions"},"message":"Your GOOGLE_APPLICATION_CREDENTIALS environment variable points to C:\\Users\\Jeevan Reddy\\Downloads\\todoapp.json. Non-emulated services will access production using these credentials. Be careful!"}}
[debug] [2020-12-10T16:40:56.961Z] >>> HTTP REQUEST GET https://firebase.googleapis.com/v1beta1/projects/fir-b537c/webApps/-/config  
 
[debug] [2020-12-10T16:40:58.269Z] <<< HTTP RESPONSE 200 {"content-type":"application/json; charset=UTF-8","vary":"X-Origin, Referer, Origin,Accept-Encoding","date":"Thu, 10 Dec 2020 16:40:57 GMT","server":"ESF","cache-control":"private","x-xss-protection":"0","x-frame-options":"SAMEORIGIN","x-content-type-options":"nosniff","alt-svc":"h3-29=\":443\"; ma=2592000,h3-T051=\":443\"; ma=2592000,h3-Q050=\":443\"; ma=2592000,h3-Q046=\":443\"; ma=2592000,h3-Q043=\":443\"; ma=2592000,quic=\":443\"; ma=2592000; v=\"46,43\"","accept-ranges":"none","transfer-encoding":"chunked"}
[info] i  hosting: Serving hosting files from: build {"metadata":{"emulator":{"name":"hosting"},"message":"Serving hosting files from: \u001b[1mbuild\u001b[22m"}}
[info] +  hosting: Local server: http://localhost:5000 {"metadata":{"emulator":{"name":"hosting"},"message":"Local server: \u001b[4m\u001b[1mhttp://localhost:5000\u001b[22m\u001b[24m"}}
[debug] [2020-12-10T16:40:58.336Z] Ignoring unsupported arg: auto_download {"metadata":{"emulator":{"name":"ui"},"message":"Ignoring unsupported arg: auto_download"}}
[debug] [2020-12-10T16:40:58.336Z] Ignoring unsupported arg: port {"metadata":{"emulator":{"name":"ui"},"message":"Ignoring unsupported arg: port"}}
[debug] [2020-12-10T16:40:58.336Z] Starting Emulator UI with command {"binary":"node","args":["C:\\Users\\Jeevan Reddy\\.cache\\firebase\\emulators\\ui-v1.3.0\\server.bundle.js"],"optionalArgs":[],"joinArgs":false} {"metadata":{"emulator":{"name":"ui"},"message":"Starting Emulator UI with command {\"binary\":\"node\",\"args\":[\"C:\\\\Users\\\\Jeevan Reddy\\\\.cache\\\\firebase\\\\emulators\\\\ui-v1.3.0\\\\server.bundle.js\"],\"optionalArgs\":[],\"joinArgs\":false}"}}
[info] i  ui: Emulator UI logging to ui-debug.log {"metadata":{"emulator":{"name":"ui"},"message":"Emulator UI logging to \u001b[1mui-debug.log\u001b[22m"}}
[debug] [2020-12-10T16:40:58.600Z] Web / API server started at http://localhost:4000
 {"metadata":{"emulator":{"name":"ui"},"message":"Web / API server started at http://localhost:4000\n"}}
[info] i  functions: Watching "D:\amazon_clone1\functions" for Cloud Functions... {"metadata":{"emulator":{"name":"functions"},"message":"Watching \"D:\\amazon_clone1\\functions\" for Cloud Functions..."}}
[debug] [2020-12-10T16:40:58.634Z] [worker-pool] addWorker(~diagnostic~) {"metadata":{"emulator":{"name":"functions"},"message":"[worker-pool] addWorker(~diagnostic~)"}}
[debug] [2020-12-10T16:40:58.635Z] [worker-pool] Adding worker with key ~diagnostic~, total=1 {"metadata":{"emulator":{"name":"functions"},"message":"[worker-pool] Adding worker with key ~diagnostic~, total=1"}}
[debug] [2020-12-10T16:40:58.635Z] [worker-pool] submitWork(triggerId=) {"metadata":{"emulator":{"name":"functions"},"message":"[worker-pool] submitWork(triggerId=)"}}
[debug] [2020-12-10T16:40:58.635Z] [worker-~diagnostic~-d591cbb0-06b7-455d-a480-6514de60ceb4]: Assigning socketPath: \\?\pipe\D:\amazon_clone1\functions\11776 {"metadata":{"emulator":{"name":"functions"},"message":"[worker-~diagnostic~-d591cbb0-06b7-455d-a480-6514de60ceb4]: Assigning socketPath: \\\\?\\pipe\\D:\\amazon_clone1\\functions\\11776"}}
[debug] [2020-12-10T16:40:58.636Z] [worker-~diagnostic~-d591cbb0-06b7-455d-a480-6514de60ceb4]: BUSY {"metadata":{"emulator":{"name":"functions"},"message":"[worker-~diagnostic~-d591cbb0-06b7-455d-a480-6514de60ceb4]: BUSY"}}
[debug] [2020-12-10T16:40:59.067Z] [runtime-status] [11776] Functions runtime initialized. {"cwd":"D:\\amazon_clone1\\functions","node_version":"14.15.1"} {"metadata":{"emulator":{"name":"functions"},"message":"[runtime-status] [11776] Functions runtime initialized. {\"cwd\":\"D:\\\\amazon_clone1\\\\functions\",\"node_version\":\"14.15.1\"}"}}
[debug] [2020-12-10T16:40:59.069Z] [runtime-status] [11776] Disabled runtime features: undefined {"metadata":{"emulator":{"name":"functions"},"message":"[runtime-status] [11776] Disabled runtime features: undefined"}}
[debug] [2020-12-10T16:40:59.074Z] [runtime-status] [11776] Resolved module firebase-admin {"declared":true,"installed":true,"version":"9.4.1","resolution":"D:\\amazon_clone1\\functions\\node_modules\\firebase-admin\\lib\\index.js"} {"metadata":{"emulator":{"name":"functions"},"message":"[runtime-status] [11776] Resolved module firebase-admin {\"declared\":true,\"installed\":true,\"version\":\"9.4.1\",\"resolution\":\"D:\\\\amazon_clone1\\\\functions\\\\node_modules\\\\firebase-admin\\\\lib\\\\index.js\"}"}}
[debug] [2020-12-10T16:40:59.077Z] [runtime-status] [11776] Resolved module firebase-functions {"declared":true,"installed":true,"version":"3.12.0","resolution":"D:\\amazon_clone1\\functions\\node_modules\\firebase-functions\\lib\\index.js"} {"metadata":{"emulator":{"name":"functions"},"message":"[runtime-status] [11776] Resolved module firebase-functions {\"declared\":true,\"installed\":true,\"version\":\"3.12.0\",\"resolution\":\"D:\\\\amazon_clone1\\\\functions\\\\node_modules\\\\firebase-functions\\\\lib\\\\index.js\"}"}}
[debug] [2020-12-10T16:40:59.080Z] [runtime-status] [11776] Resolved module firebase-functions {"declared":true,"installed":true,"version":"3.12.0","resolution":"D:\\amazon_clone1\\functions\\node_modules\\firebase-functions\\lib\\index.js"} {"metadata":{"emulator":{"name":"functions"},"message":"[runtime-status] [11776] Resolved module firebase-functions {\"declared\":true,\"installed\":true,\"version\":\"3.12.0\",\"resolution\":\"D:\\\\amazon_clone1\\\\functions\\\\node_modules\\\\firebase-functions\\\\lib\\\\index.js\"}"}}
[debug] [2020-12-10T16:40:59.082Z] [runtime-status] [11776] Outgoing network have been stubbed. [{"name":"http","status":"mocked"},{"name":"http","status":"mocked"},{"name":"https","status":"mocked"},{"name":"https","status":"mocked"},{"name":"net","status":"mocked"}] {"metadata":{"emulator":{"name":"functions"},"message":"[runtime-status] [11776] Outgoing network have been stubbed. [{\"name\":\"http\",\"status\":\"mocked\"},{\"name\":\"http\",\"status\":\"mocked\"},{\"name\":\"https\",\"status\":\"mocked\"},{\"name\":\"https\",\"status\":\"mocked\"},{\"name\":\"net\",\"status\":\"mocked\"}]"}}
[debug] [2020-12-10T16:40:59.083Z] [runtime-status] [11776] Resolved module firebase-functions {"declared":true,"installed":true,"version":"3.12.0","resolution":"D:\\amazon_clone1\\functions\\node_modules\\firebase-functions\\lib\\index.js"} {"metadata":{"emulator":{"name":"functions"},"message":"[runtime-status] [11776] Resolved module firebase-functions {\"declared\":true,\"installed\":true,\"version\":\"3.12.0\",\"resolution\":\"D:\\\\amazon_clone1\\\\functions\\\\node_modules\\\\firebase-functions\\\\lib\\\\index.js\"}"}}
[debug] [2020-12-10T16:40:59.149Z] [runtime-status] [11776] Checked functions.config() {"config":{}} {"metadata":{"emulator":{"name":"functions"},"message":"[runtime-status] [11776] Checked functions.config() {\"config\":{}}"}}
[debug] [2020-12-10T16:40:59.150Z] [runtime-status] [11776] firebase-functions has been stubbed. {"functionsResolution":{"declared":true,"installed":true,"version":"3.12.0","resolution":"D:\\amazon_clone1\\functions\\node_modules\\firebase-functions\\lib\\index.js"}} {"metadata":{"emulator":{"name":"functions"},"message":"[runtime-status] [11776] firebase-functions has been stubbed. {\"functionsResolution\":{\"declared\":true,\"installed\":true,\"version\":\"3.12.0\",\"resolution\":\"D:\\\\amazon_clone1\\\\functions\\\\node_modules\\\\firebase-functions\\\\lib\\\\index.js\"}}"}}
[debug] [2020-12-10T16:40:59.150Z] [runtime-status] [11776] Resolved module firebase-functions {"declared":true,"installed":true,"version":"3.12.0","resolution":"D:\\amazon_clone1\\functions\\node_modules\\firebase-functions\\lib\\index.js"} {"metadata":{"emulator":{"name":"functions"},"message":"[runtime-status] [11776] Resolved module firebase-functions {\"declared\":true,\"installed\":true,\"version\":\"3.12.0\",\"resolution\":\"D:\\\\amazon_clone1\\\\functions\\\\node_modules\\\\firebase-functions\\\\lib\\\\index.js\"}"}}
[debug] [2020-12-10T16:40:59.152Z] [runtime-status] [11776] Resolved module firebase-admin {"declared":true,"installed":true,"version":"9.4.1","resolution":"D:\\amazon_clone1\\functions\\node_modules\\firebase-admin\\lib\\index.js"} {"metadata":{"emulator":{"name":"functions"},"message":"[runtime-status] [11776] Resolved module firebase-admin {\"declared\":true,\"installed\":true,\"version\":\"9.4.1\",\"resolution\":\"D:\\\\amazon_clone1\\\\functions\\\\node_modules\\\\firebase-admin\\\\lib\\\\index.js\"}"}}
[debug] [2020-12-10T16:40:59.152Z] [runtime-status] [11776] Resolved module firebase-functions {"declared":true,"installed":true,"version":"3.12.0","resolution":"D:\\amazon_clone1\\functions\\node_modules\\firebase-functions\\lib\\index.js"} {"metadata":{"emulator":{"name":"functions"},"message":"[runtime-status] [11776] Resolved module firebase-functions {\"declared\":true,\"installed\":true,\"version\":\"3.12.0\",\"resolution\":\"D:\\\\amazon_clone1\\\\functions\\\\node_modules\\\\firebase-functions\\\\lib\\\\index.js\"}"}}
[debug] [2020-12-10T16:40:59.153Z] [runtime-status] [11776] firebase-admin has been stubbed. {"adminResolution":{"declared":true,"installed":true,"version":"9.4.1","resolution":"D:\\amazon_clone1\\functions\\node_modules\\firebase-admin\\lib\\index.js"}} {"metadata":{"emulator":{"name":"functions"},"message":"[runtime-status] [11776] firebase-admin has been stubbed. {\"adminResolution\":{\"declared\":true,\"installed\":true,\"version\":\"9.4.1\",\"resolution\":\"D:\\\\amazon_clone1\\\\functions\\\\node_modules\\\\firebase-admin\\\\lib\\\\index.js\"}}"}}
[info] +  functions[api]: http function initialized (http://localhost:5001/fir-b537c/us-central1/api). {"metadata":{"emulator":{"name":"functions"},"message":"\u001b[1mhttp\u001b[22m function initialized (http://localhost:5001/fir-b537c/us-central1/api)."}}
[info] 
┌────────────────────────────────────────────────────────────────┐
│ ✔  All emulators ready! View status and logs at localhost:4000 │
└────────────────────────────────────────────────────────────────┘

┌───────────┬────────────────┬──────────────────────────┐
│ Emulator  │ Host:Port      │ View in Emulator UI      │
├───────────┼────────────────┼──────────────────────────┤
│ Functions │ localhost:5001 │ localhost:4000/functions │
├───────────┼────────────────┼──────────────────────────┤
│ Hosting   │ localhost:5000 │ n/a                      │
└───────────┴────────────────┴──────────────────────────┘
  Other reserved ports: 4400, 4500

Issues? Report them at https://github.com/firebase/firebase-tools/issues and attach the *-debug.log files.
 
[debug] [2020-12-10T16:40:59.783Z] [worker-~diagnostic~-d591cbb0-06b7-455d-a480-6514de60ceb4]: IDLE {"metadata":{"emulator":{"name":"functions"},"message":"[worker-~diagnostic~-d591cbb0-06b7-455d-a480-6514de60ceb4]: IDLE"}}
